18:40:59 <INFO> Started REINVENT 4.6.22 (C) AstraZeneca 2017, 2023 on 2025-08-05
18:40:59 <INFO> Command line: /home/calliesardina/miniconda3/envs/reinvent4/bin/reinvent -l druglike_and_diversity.log configs/druglike_and_diversity.toml
18:40:59 <INFO> Reading run configuration from /home/calliesardina/REINVENT4_COPY/configs/druglike_and_diversity.toml using format toml
18:40:59 <INFO> User calliesardina on host styx.cs.ucsb.edu
18:40:59 <INFO> Python version 3.10.18
18:40:59 <INFO> PyTorch version 2.7.1+cu126, git e2d141dbde55c2a4370fac5165b0561b6af4798b
18:40:59 <INFO> PyTorch compiled with CUDA version 12.6
18:40:59 <INFO> RDKit version 2025.03.3
18:40:59 <INFO> Platform Linux-5.14.0-503.19.1.el9_5.x86_64-x86_64-with-glibc2.34
18:40:59 <INFO> CUDA driver version 565.57.01
18:40:59 <INFO> Number of PyTorch CUDA devices 1
18:40:59 <WARN> 'use_cuda' is deprecated, use 'device' instead
18:41:00 <INFO> Using CUDA device:0 NVIDIA H200 MIG 1g.35gb
18:41:00 <INFO> GPU memory: 33173 MiB free, 33280 MiB total
18:41:00 <INFO> Writing TensorBoard summary to /home/calliesardina/REINVENT4_COPY/tb_stage1
18:41:00 <INFO> Writing JSON config file to /home/calliesardina/REINVENT4_COPY/_stage1.json
18:41:00 <INFO> Starting 1 stage of Reinforcement Learning
18:41:00 <INFO> /home/calliesardina/REINVENT4_COPY/priors/reinvent.prior has valid hash:
{ 'comments': [],
  'creation_date': 0,
  'date_format': 'UNIX epoch',
  'hash_id': '173568c36e1fc3d95cab289c7d31ce0b',
  'hash_id_format': 'xxhash.xxh3_128_hex 3.4.1',
  'model_id': '55d68f8a81c04f5a86304ebe1723a0ea',
  'model_id_format': 'uuid.uuid4 3.10.12',
  'origina_data_source': 'ChEMBL 25',
  'updates': []}
18:41:00 <INFO> Number of network parameters: 5,805,602
18:41:00 <INFO> Network architecture:
RNN(
  (_embedding): Embedding(34, 256)
  (_rnn): LSTM(256, 512, num_layers=3, batch_first=True)
  (_linear): Linear(in_features=512, out_features=34, bias=True)
)
18:41:00 <INFO> /home/calliesardina/REINVENT4_COPY/priors/reinvent.prior has valid hash:
{ 'comments': [],
  'creation_date': 0,
  'date_format': 'UNIX epoch',
  'hash_id': '173568c36e1fc3d95cab289c7d31ce0b',
  'hash_id_format': 'xxhash.xxh3_128_hex 3.4.1',
  'model_id': '55d68f8a81c04f5a86304ebe1723a0ea',
  'model_id_format': 'uuid.uuid4 3.10.12',
  'origina_data_source': 'ChEMBL 25',
  'updates': []}
18:41:00 <INFO> Number of network parameters: 5,805,602
18:41:00 <INFO> Network architecture:
RNN(
  (_embedding): Embedding(34, 256)
  (_rnn): LSTM(256, 512, num_layers=3, batch_first=True)
  (_linear): Linear(in_features=512, out_features=34, bias=True)
)
18:41:00 <INFO> Using generator Reinvent
18:41:00 <INFO> Prior read from priors/reinvent.prior
18:41:00 <INFO> Agent read from priors/reinvent.prior
18:41:00 <INFO> Using reward strategy dap
18:41:00 <INFO> Purging diversity filter memories after each stage
18:41:00 <WARN> Inception disabled but may speed up convergence
18:41:00 <INFO> Registered scoring component ROCSSimilarity
18:41:00 <INFO> Registered scoring component GroupCount
18:41:00 <INFO> Registered scoring component FragmentQed
18:41:00 <INFO> Registered scoring component FragmentSlogP
18:41:00 <INFO> Registered scoring component FragmentMolecularWeight
18:41:00 <INFO> Registered scoring component FragmentTPSA
18:41:00 <INFO> Registered scoring component FragmentDistanceMatrix
18:41:00 <INFO> Registered scoring component FragmentNumAtomStereoCenters
18:41:00 <INFO> Registered scoring component FragmentHBondAcceptors
18:41:00 <INFO> Registered scoring component FragmentHBondDonors
18:41:00 <INFO> Registered scoring component FragmentNumRotBond
18:41:00 <INFO> Registered scoring component FragmentCsp3
18:41:00 <INFO> Registered scoring component Fragmentnumsp
18:41:00 <INFO> Registered scoring component Fragmentnumsp2
18:41:00 <INFO> Registered scoring component Fragmentnumsp3
18:41:00 <INFO> Registered scoring component FragmentEffectiveLength
18:41:00 <INFO> Registered scoring component FragmentGraphLength
18:41:00 <INFO> Registered scoring component FragmentLengthRatio
18:41:00 <INFO> Registered scoring component FragmentNumHeavyAtoms
18:41:00 <INFO> Registered scoring component FragmentNumHeteroAtoms
18:41:00 <INFO> Registered scoring component FragmentNumRings
18:41:00 <INFO> Registered scoring component FragmentNumAromaticRings
18:41:00 <INFO> Registered scoring component FragmentNumAliphaticRings
18:41:00 <INFO> Registered scoring component FragmentSlogP
18:41:00 <INFO> Registered scoring component MatchingSubstructure
18:41:00 <INFO> Registered scoring component MolVolume
18:41:00 <INFO> Registered scoring component Qed
18:41:00 <INFO> Registered scoring component LargestRingSize
18:41:00 <INFO> Registered scoring component MolecularWeight
18:41:00 <INFO> Registered scoring component GraphLength
18:41:00 <INFO> Registered scoring component NumAtomStereoCenters
18:41:00 <INFO> Registered scoring component HBondAcceptors
18:41:00 <INFO> Registered scoring component HBondDonors
18:41:00 <INFO> Registered scoring component NumRotBond
18:41:00 <INFO> Registered scoring component Csp3
18:41:00 <INFO> Registered scoring component numsp
18:41:00 <INFO> Registered scoring component numsp2
18:41:00 <INFO> Registered scoring component numsp3
18:41:00 <INFO> Registered scoring component NumHeavyAtoms
18:41:00 <INFO> Registered scoring component NumHeteroAtoms
18:41:00 <INFO> Registered scoring component NumRings
18:41:00 <INFO> Registered scoring component NumAromaticRings
18:41:00 <INFO> Registered scoring component NumAliphaticRings
18:41:00 <INFO> Registered scoring component SlogP
18:41:00 <INFO> Registered scoring component LargestRingSize
18:41:00 <INFO> Registered scoring component PMI
18:41:00 <INFO> Registered scoring component RDKitDescriptors
18:41:00 <INFO> Registered scoring component TanimotoSimilarity
18:41:00 <INFO> Registered scoring component TanimotoDistance
18:41:00 <INFO> Registered scoring component TPSA
18:41:00 <INFO> Registered scoring component SAScore
18:41:00 <INFO> Registered scoring component Cazp
18:41:00 <INFO> Registered scoring component ChemProp
18:41:00 <INFO> Registered scoring component CustomAlerts
18:41:00 <INFO> Registered scoring component Diversity
18:41:00 <INFO> Registered scoring component DockStream
18:41:00 <INFO> Registered scoring component Druglike
18:41:00 <INFO> Registered scoring component ExternalProcess
18:41:00 <INFO> Registered scoring component REST
18:41:00 <INFO> Registered scoring component Icolos
18:41:00 <INFO> Registered scoring component Maize
18:41:00 <INFO> Registered scoring component MMP
18:41:00 <INFO> Registered scoring component Qptuna
18:41:00 <INFO> Registered scoring component ReactionFilter
18:41:00 <INFO> Registered scoring component RingPrecedence
18:41:00 <INFO> Creating scoring component druglike
18:41:00 <INFO> Creating scoring component diversity
18:41:00 <INFO> Writing tabular data for stage to stage1_1.csv
18:41:00 <INFO> Starting stage 1 <<<
18:41:00 <INFO> Current GPU memory usage: 221 MiB used, 33059 MiB free
18:41:37 <INFO> Score: 4.36 Agent NLL: 29.93 Valid:  99% Step: 1
 | Agent Prior Target Score SMILES SMILES_state Druglike Druglike (raw) Diversity Diversity (raw)
 | 32.3656 32.3656 927.6406 7.5000485 COc1cc(O)c2c(CCCCC(=O)N3CCOCC3)cc(=O)oc2c1 1 6.1764603 6.1765 9.1072760 9.1073
 | 27.8099 27.8099 -27.8099 0.0000000 c12c3cccc1c(NCCCCC)cc2[nH]nc3 0 0.0000000 0.0000 0.0000000 0.0000
 | 21.9099 21.9099 946.2839 7.5640141 CC1(C)OC(C=Cc2ccc(Cl)cc2)=CC(=O)C1=O 1 6.2822638 6.2823 9.1072760 9.1073
 | 21.6220 21.6220 983.2754 7.8507613 Oc1ccc(-c2ccccc2)c2cccnc12 1 6.7676058 6.7676 9.1072760 9.1073
 | 24.2406 24.2406 936.3610 7.5046998 c1ccc(CNC2(C3CCCCC3)CCCC2)nc1 1 6.1841235 6.1841 9.1072760 9.1073
 | 28.3133 28.3133 775.0479 6.2762592 O=C(NCc1cccs1)C(c1ccco1)N(C(=O)c1ccco1)c1ccccc1 1 4.3252702 4.3253 9.1072760 9.1073
 | 23.0341 23.0341 -22.9954 0.0003018 Clc1ccc(C2(c3nnc(-c4nn(-c5ccc(Cl)cc5Cl)cc4Cn4cncn4)s3)CC2)cc1 1 -16.6711407 -16.6711 9.1072760 9.1073
 | 41.6155 41.6155 -41.5768 0.0003018 CCN(CC)c1cccc(COC2CCN(CCN(CCC(c3ccccc3)c3ccccc3)C(=O)Nc3ccc(F)c(Cl)c3)C2)c1 1 -8.4347897 -8.4348 9.1072760 9.1073
 | 27.2082 27.2082 924.1403 7.4324097 CC(=O)N1CC(OC(=O)c2cccnc2C)C1 1 6.0655584 6.0656 9.1072760 9.1073
 | 49.7351 49.7351 654.8285 5.5044031 CC(=O)OCC12OCC3(O)CC1C3C1(C)C(OC(C)=O)C(O)C(=O)C1C2C 1 3.3268404 3.3268 9.1072760 9.1073
18:42:08 <INFO> Score: 4.42 Agent NLL: 29.34 Valid: 100% Step: 2
 | Agent Prior Target Score SMILES SMILES_state Druglike Druglike (raw) Diversity Diversity (raw)
 | 29.4880 29.5062 823.7877 6.6663589 NNC(N)c1ccc2oc(-c3ccccc3F)cc2c1 1 4.8643818 4.8644 9.1358652 9.1359
 | 22.6822 22.6260 730.7777 5.8859663 COc1ccc(-c2nc(CN3CCN(c4ccc(F)cc4F)CC3)co2)cc1 1 3.7921531 3.7922 9.1358652 9.1359
 | 40.6459 40.6450 761.0768 6.2634516 Cc1ccc(CC2C(=O)C(=O)c3c(oc4ccc(C(=O)O)cc4c3=O)C2=O)cc1C 1 4.2941556 4.2942 9.1358652 9.1359
 | 28.0412 28.1641 867.8771 7.0003219 CC(C)n1cc(N)c2c[nH]c(=NC(=O)NC(CO)c3ccccc3)cc21 1 5.3639698 5.3640 9.1358652 9.1359
 | 33.5820 33.6164 560.6311 4.6425586 COc1ccccc1CNc1cnc2[nH]c(=O)c(-c3cccnc3)c(O)c2c1 1 2.3592017 2.3592 9.1358652 9.1359
 | 20.7858 20.8606 988.5835 7.8862820 Cc1ccc(Cl)c(OCCN2CCOCC2)c1 1 6.8076129 6.8076 9.1358652 9.1359
 | 32.0824 32.1148 -32.0762 0.0003023 COc1ccc2c(c1)C(=O)N(CC1(C#Cc3ccc(-c4cc5ccccc5cc4O)s3)NC(=O)NC1=O)C2 1 -20.6864491 -20.6864 9.1358652 9.1359
 | 19.2416 19.2115 975.6415 7.7722888 Oc1ccc(C2COc3c(ccc(O)c3O)C2)cc1 1 6.6122336 6.6122 9.1358652 9.1359
 | 41.8015 41.7945 462.8799 3.9427683 COC(=O)C1CC2=C(C=C(C)c3ccccc3)C(OC)(CC2)N1S(=O)(=O)c1ccc([N+](=O)[O-])cc1 1 1.7015817 1.7016 9.1358652 9.1359
 | 24.5186 24.4883 615.5954 5.0006537 Cc1cc(C)cc(C(=O)N(NC(=O)c2ccc(Br)cc2Br)C(C)(C)C)c1 1 2.7371833 2.7372 9.1358652 9.1359
18:42:35 <INFO> Score: 4.81 Agent NLL: 28.93 Valid: 100% Step: 3
 | Agent Prior Target Score SMILES SMILES_state Druglike Druglike (raw) Diversity Diversity (raw)
 | 24.7139 24.7596 901.9427 7.2398624 CCCCN(c1nc2ccccc2o1)S(=O)(=O)c1ccccc1 1 5.8316565 5.8317 8.9881172 8.9881
 | 27.8714 27.9021 932.2933 7.5015268 COC(=O)C1CCC2(CN1)Cc1ccccc1C(=O)O2 1 6.2608109 6.2608 8.9881172 8.9881
 | 22.4829 22.4913 837.9023 6.7218256 COc1ccc(OC)c(C2NC(=O)N=C(C)C2C(=O)Nc2ccc(Cl)cc2)c1 1 5.0269632 5.0270 8.9881172 8.9881
 | 26.1118 26.1911 829.4968 6.6850619 CCOC(=O)N1CCC(N=c2cnc(C)c[nH]2)CC1 1 4.9721260 4.9721 8.9881172 8.9881
 | 27.9793 27.9589 871.6086 7.0278716 CS(=O)(=O)Cc1cc(F)cc(N=c2[nH]n(C3CCCCC3C#N)cc2C(N)=O)c1 1 5.4951415 5.4951 8.9881172 8.9881
 | 43.7685 43.6363 -43.5980 0.0002998 CC(C(=O)N1CCc2ccccc21)N1CCCc2ccc(Oc3ccccc3NC(=O)Cc3cnccn3)cc2C1=O 1 0.0000000 0.0000 8.9881172 8.9881
 | 29.3466 29.3691 -29.3307 0.0002998 CC(OCc1cccc(-c2cc(=NC(=O)C3(C)CC(C)(O)C3)[nH]n2-c2ccccc2)c1)C(F)(F)F 1 -0.6029867 -0.6030 8.9881172 8.9881
 | 36.2045 36.1467 897.1167 7.2911205 CC(CC1(O)CN2CCC1CC2)OC(=O)c1c(Cl)cccc1Cl 1 5.9145241 5.9145 8.9881172 8.9881
 | 37.0372 37.0533 468.3751 3.9486594 COc1ccc(S(=O)(=O)Nc2sc3c(C)c(Cl)ccc3c2NCCNC(C)=O)cc1 1 1.7347248 1.7347 8.9881172 8.9881
 | 24.0388 23.9327 937.1721 7.5086317 Fc1cccc(C=Cc2ccc(Br)cn2)c1 1 6.2726769 6.2727 8.9881172 8.9881
18:43:10 <INFO> Score: 4.10 Agent NLL: 29.53 Valid:  99% Step: 4
 | Agent Prior Target Score SMILES SMILES_state Druglike Druglike (raw) Diversity Diversity (raw)
 | 26.9921 27.1637 939.9505 7.5555799 CCCCC(NC(=O)Cn1nnc2ccccc21)C(=O)OC 1 6.3978639 6.3979 8.9227886 8.9228
 | 33.4961 33.4486 665.9026 5.4636810 C[n+]1c(-c2cccc(O)c2)c(Sc2ccc(Br)cc2)n2ccccc21 1 3.3455696 3.3456 8.9227886 8.9228
 | 24.0989 24.1239 776.9919 6.2587174 O=C(NCc1ccc(Cl)cc1)C1CCCN1S(=O)(=O)c1cccc2cccnc12 1 4.3900561 4.3901 8.9227886 8.9228
 | 34.6669 34.6754 430.6020 3.6349801 Cc1nc2ccc(S(N)(=O)=O)cc2c(=O)n1-c1nsc2ccccc12 1 1.4808241 1.4808 8.9227886 8.9228
 | 22.9392 22.8511 -22.8129 0.0002987 COc1ccc(C2CC(c3ccccc3)=Nc3cc(C)ccc3S2)cc1 1 0.0000000 0.0000 8.9227886 8.9228
 | 19.4505 19.4794 -19.4412 0.0002987 COc1ccc(C(=O)Nc2ccc(NC(=O)c3ccco3)cc2)cc1 1 0.0000000 0.0000 8.9227886 8.9228
 | 31.9079 32.1029 965.0922 7.7905868 CC1Cc2ccc(Cl)cc2N1CCCN1CCCC1=O 1 6.8020487 6.8020 8.9227886 8.9228
 | 30.3234 30.3614 765.8293 6.2202407 CCOc1ccc(OCCn2cc(C=NNC(=O)CC)c3ccccc32)cc1 1 4.3362446 4.3362 8.9227886 8.9228
 | 26.8799 26.9185 584.6149 4.7776051 CN(C)c1nc2cc(C(F)(F)F)ccc2nc1-c1ccccc1F 1 2.5581141 2.5581 8.9227886 8.9228
 | 24.1130 24.0318 -23.9935 0.0002987 O=C(c1coc(-c2ccc(Cl)cc2)n1)N1CCN(c2ccccc2F)CC1 1 -3.9819522 -3.9820 8.9227886 8.9228
18:43:40 <INFO> Score: 4.70 Agent NLL: 29.11 Valid:  98% Step: 5
 | Agent Prior Target Score SMILES SMILES_state Druglike Druglike (raw) Diversity Diversity (raw)
 | 25.0394 25.0333 927.4520 7.4412915 O=c1[nH]c(O)c(C=Nc2ncccc2Br)c(=O)[nH]1 1 6.0299335 6.0299 9.1829901 9.1830
 | 22.5454 22.6510 961.5500 7.6890704 COc1ccc(Cn2nnnc2-c2ccccc2Cl)cc1 1 6.4381866 6.4382 9.1829901 9.1830
 | 32.1238 32.1375 428.2708 3.5969391 CCc1ccc(N2C(=O)C(Oc3ccccc3)C(=N)C(C#N)C23C(=O)Nc2ccccc23)cc1 1 1.4089061 1.4089 9.1829901 9.1830
 | 36.2103 35.9783 801.8756 6.5457335 O=C(N1CCCCO1)C12CCCC(C1)N(Cc1ccccc1F)CC2 1 4.6658688 4.6659 9.1829901 9.1830
 | 35.8055 35.8350 873.1661 7.1015711 CNCC(NC(=O)CCNC(=O)c1cccc2c(=O)c3cccc(F)c3[nH]c12)C(C)C 1 5.4919271 5.4919 9.1829901 9.1830
 | 21.6184 21.4238 832.9695 6.6749478 COc1cc2[nH]cc(C(=O)c3cc(OC)c(OC)c(OC)c3)c2cc1OC 1 4.8518977 4.8519 9.1829901 9.1830
 | 30.2317 29.9444 -29.9056 0.0003030 COc1ccc(C(=O)N2CCCC2)cc1S(=O)(=O)N1CC2CC(C1)c1cccc(=O)n1C2 1 -1.4837086 -1.4837 9.1829901 9.1830
 | 22.9818 22.8943 714.6891 5.7623707 CC(=O)Nc1ccc(S(=O)(=O)NC(=O)c2ccc(Br)cc2)cc1 1 3.6159155 3.6159 9.1829901 9.1830
 | 27.6605 27.8484 823.0208 6.6474156 CC(CCCCc1ccccc1)C(=O)Nc1cccc2[nH]cnc12 1 4.8119550 4.8120 9.1829901 9.1830
 | 26.6553 26.5232 905.2500 7.2794780 COc1ccccc1-c1ccc2ncnc(N3CCC(N(C)C)C3)c2c1 1 5.7705388 5.7705 9.1829901 9.1830
18:44:06 <INFO> Score: 5.57 Agent NLL: 28.19 Valid: 100% Step: 6
 | Agent Prior Target Score SMILES SMILES_state Druglike Druglike (raw) Diversity Diversity (raw)
 | 27.1087 27.2507 897.4990 7.2246070 CN(Cc1ccc(C(C)(C)C)cc1)CC(F)C(C)(C)O 1 5.7038341 5.7038 9.1508512 9.1509
 | 29.9922 29.9969 841.9247 6.8118877 CC(C=Cc1ccc(F)cc1)N(O)C(=O)OCc1ccccc1 1 5.0707645 5.0708 9.1508512 9.1509
 | 27.9082 27.7162 -27.6775 0.0003025 NC(=O)c1cc(-c2ccc(Cl)cc2)c2c(n1)CCN(Cc1cc(C(F)(F)F)cc(C(F)(F)F)c1)C2=O 1 -3.3669319 -3.3669 9.1508512 9.1509
 | 33.0424 33.1902 918.7288 7.4368668 Cc1ccccc1OCC1CCN(c2ncnc3ccc(N)cc23)CC1 1 6.0439172 6.0439 9.1508512 9.1509
 | 23.3536 23.3730 837.3468 6.7243738 CN(C)c1nc(N(C)C)nc(N(C#N)C2CC2)n1 1 4.9413104 4.9413 9.1508512 9.1509
 | 28.9742 29.0048 824.7576 6.6700191 COc1ccc(C(=O)C=Cc2ccc3c(c2)C(=O)CC3(C)C)cc1 1 4.8617501 4.8618 9.1508512 9.1509
 | 29.0403 29.3392 909.3146 7.3332329 Fc1ccc(N2CCN(CC3NCCS3)CC2)cc1F 1 5.8766441 5.8766 9.1508512 9.1509
 | 21.3139 21.4705 1004.8907 8.0184469 COc1cccc(Cn2c(=O)[nH]c3ncccc32)c1 1 7.0261755 7.0262 9.1508512 9.1509
 | 34.1255 34.0806 898.4243 7.2851939 CCOC(=O)C1CCCN1C(=O)N(C)N=Cc1cccc(OC)c1 1 5.7999034 5.7999 9.1508512 9.1509
 | 43.5203 43.8598 879.7073 7.2153673 CCC(C)C1CC(=O)C2(C(=O)OC)CCCN(C(=O)c3ccccc3)C12 1 5.6892543 5.6893 9.1508512 9.1509
18:44:34 <INFO> Score: 4.52 Agent NLL: 28.45 Valid:  99% Step: 7
 | Agent Prior Target Score SMILES SMILES_state Druglike Druglike (raw) Diversity Diversity (raw)
 | 34.8975 34.8651 -34.8267 0.0003002 [N-]=[N+]=NC(=O)C1OC1n1cnc2c(=NC(=O)c3ccccc3)[nH]cnc21 1 -1.6242228 -1.6242 9.0134954 9.0135
 | 36.1109 35.8969 -35.8584 0.0003002 CCC(=O)Nc1cc2c(N)c([S+]([O-])c3ccc(C)cc3)sc2cc1C 1 -3.1062932 -3.1063 9.0134954 9.0135
 | 27.5719 27.6024 922.1830 7.4201988 Cc1cc(C(=O)N2Cc3c(cnn3C)C(CCO)C2)on1 1 6.1085458 6.1085 9.0134954 9.0135
 | 31.5434 31.3821 -31.3436 0.0003002 CCOc1ccc(-c2nc(CNC(=O)c3sc(=S)n(C)c3C)co2)cc1 1 -2.3121192 -2.3121 9.0134954 9.0135
 | 24.5033 24.6984 937.5906 7.5178834 CCC(=O)n1nc(C(C)(C)C)[nH]c1=NCc1ccccc1OC 1 6.2704387 6.2704 9.0134954 9.0135
 | 30.9878 30.2344 -30.1960 0.0003002 COc1cc(-c2nc3sc4c(c3c(=NN3C(=O)C=C(C)C3=O)[nH]2)C=C(c2ccccc2)CC4)cc(OC)c1OC 1 -45.3019714 -45.3020 9.0134954 9.0135
 | 28.9514 28.7805 -28.7420 0.0003002 COc1ccc(-n2cc(C(=O)NCCCCN3CCC(c4ccc5ccccc5c4C)CC3)nn2)cc1 1 -6.3586268 -6.3586 9.0134954 9.0135
 | 23.5361 23.6263 971.9549 7.7779784 NC(=O)COc1ccc(C(=O)C=Cc2ccncc2)cc1 1 6.7118187 6.7118 9.0134954 9.0135
 | 31.7049 31.7890 -31.7505 0.0003002 CC12CCC(=O)C=C1CCC1C2C(O)CC2(C)CC13CC23C(=O)CO 1 0.0000000 0.0000 9.0134954 9.0135
 | 21.3122 21.3296 687.5062 5.5377796 N=c1[nH]c(=NCC2CCCO2)[nH]c2c1ncn2C1OC(CO)C(O)C1O 1 3.4023430 3.4023 9.0134954 9.0135
18:45:02 <INFO> Score: 4.91 Agent NLL: 29.52 Valid:  99% Step: 8
 | Agent Prior Target Score SMILES SMILES_state Druglike Druglike (raw) Diversity Diversity (raw)
 | 25.9722 25.8243 -25.7861 0.0002990 CCCCc1[nH]c(=N)[nH]c(=N)c1C#CC(C)c1ccc(C(=O)NC(CCC(=O)O)C(=O)O)cc1 1 -9.8623171 -9.8623 8.9385033 8.9385
 | 19.9189 20.3010 940.3928 7.5054209 CCCn1c(SCC(=O)NCCc2ccccc2)n[nH]c1=O 1 6.3021002 6.3021 8.9385033 8.9385
 | 19.1650 19.2233 921.8257 7.3519452 COc1cccc(-c2c[nH]c(=N)c(C(N)=O)n2)c1 1 6.0469966 6.0470 8.9385033 8.9385
 | 21.5964 21.5162 945.7914 7.5570909 COc1ccccc1-c1nc2ccc(Cl)cc2c(=O)o1 1 6.3891706 6.3892 8.9385033 8.9385
 | 42.3380 42.3522 -42.3139 0.0002990 CC(=O)Nc1ccc(S(=O)(=O)Nc2ccc(NCc3ccc(CCNCCc4ccccc4)cc3)c(N)c2)cc1 1 -0.3396767 -0.3397 8.9385033 8.9385
 | 29.9697 29.8384 870.5049 7.0339323 CCOC(=O)c1cccc(NC=C(C#N)C(=O)NC2CCCCC2)c1 1 5.5351777 5.5352 8.9385033 8.9385
 | 32.2994 32.3688 940.5722 7.6011021 CC(=O)N1CCC(c2[nH]nc3ncc(-c4ccco4)cc23)C1 1 6.4638062 6.4638 8.9385033 8.9385
 | 20.4507 20.6635 503.9736 4.0987268 CC(C)(C)c1cccc(-c2cc(=NC(O)c3c[nH]c(O)c3)[nH]n2-c2ccccc2)c1 1 1.8794602 1.8795 8.9385033 8.9385
 | 22.8663 22.9957 979.9678 7.8356522 COc1ccccc1-n1nnnc1SCC(=O)Nc1ccccc1F 1 6.8688731 6.8689 8.9385033 8.9385
 | 29.5457 29.5877 581.7131 4.7757879 CC(C)CC(C)N=c1[nH]c(N(CCO)CCO)nc2c(=NCc3ccccc3)[nH]cnc12 1 2.5516744 2.5517 8.9385033 8.9385
